<?xml version="1.0" encoding="UTF-8"?>
<testng-results ignored="0" total="1" passed="1" failed="0" skipped="0">
  <reporter-output>
  </reporter-output>
  <suite started-at="2022-06-16T14:37:29 IST" name="Default suite" finished-at="2022-06-16T14:37:45 IST" duration-ms="15888">
    <groups>
    </groups>
    <test started-at="2022-06-16T14:37:29 IST" name="Default test" finished-at="2022-06-16T14:37:45 IST" duration-ms="15888">
      <class name="reports.Extentreport">
        <test-method is-config="true" signature="ExtentSetup()[pri:0, instance:reports.Extentreport@729d991e]" started-at="2022-06-16T14:37:29 IST" name="ExtentSetup" finished-at="2022-06-16T14:37:29 IST" duration-ms="276" status="PASS">
          <reporter-output>
          </reporter-output>
        </test-method> <!-- ExtentSetup -->
        <test-method is-config="true" signature="DriverSetup()[pri:0, instance:reports.Extentreport@729d991e]" started-at="2022-06-16T14:37:29 IST" name="DriverSetup" finished-at="2022-06-16T14:37:33 IST" duration-ms="3480" status="PASS">
          <reporter-output>
          </reporter-output>
        </test-method> <!-- DriverSetup -->
        <test-method signature="Test1()[pri:0, instance:reports.Extentreport@729d991e]" started-at="2022-06-16T14:37:33 IST" name="Test1" finished-at="2022-06-16T14:37:45 IST" duration-ms="12371" status="PASS">
          <reporter-output>
          </reporter-output>
        </test-method> <!-- Test1 -->
        <test-method is-config="true" signature="teardown()[pri:0, instance:reports.Extentreport@729d991e]" started-at="2022-06-16T14:37:45 IST" name="teardown" finished-at="2022-06-16T14:37:46 IST" duration-ms="398" status="PASS">
          <reporter-output>
          </reporter-output>
        </test-method> <!-- teardown -->
      </class> <!-- reports.Extentreport -->
    </test> <!-- Default test -->
  </suite> <!-- Default suite -->
</testng-results>
